  GCApplication.cpp
d:\github\computer-photography_grab_cut\grabcut\grabcut\gcgraph.h(6): warning C4005: 'MIN': 巨集重複定義
  c:\opencv\build\include\opencv2\core\cvdef.h(423): note: 請參閱 'MIN' 之前的定義
  GMM.cpp
  GrabCut.cpp
d:\github\computer-photography_grab_cut\grabcut\grabcut\gcgraph.h(6): warning C4005: 'MIN': 巨集重複定義
  c:\opencv\build\include\opencv2\core\cvdef.h(423): note: 請參閱 'MIN' 之前的定義
  main.cpp
d:\github\computer-photography_grab_cut\grabcut\grabcut\gcgraph.h(6): warning C4005: 'MIN': 巨集重複定義
  c:\opencv\build\include\opencv2\core\cvdef.h(423): note: 請參閱 'MIN' 之前的定義
  正在產生程式碼...
GCApplication.obj : error LNK2019: 無法解析的外部符號 "class cv::debug_build_guard::_InputOutputArray const & __cdecl cv::noArray(void)" (?noArray@cv@@YAAEBV_InputOutputArray@debug_build_guard@1@XZ) 在函式 "public: void __cdecl GCApplication::reset(void)" (?reset@GCApplication@@QEAAXXZ) 中被參考
GMM.obj : error LNK2001: 無法解析的外部符號 "class cv::debug_build_guard::_InputOutputArray const & __cdecl cv::noArray(void)" (?noArray@cv@@YAAEBV_InputOutputArray@debug_build_guard@1@XZ)
GrabCut.obj : error LNK2001: 無法解析的外部符號 "class cv::debug_build_guard::_InputOutputArray const & __cdecl cv::noArray(void)" (?noArray@cv@@YAAEBV_InputOutputArray@debug_build_guard@1@XZ)
GCApplication.obj : error LNK2019: 無法解析的外部符號 "public: void __cdecl cv::Mat::copyTo(class cv::debug_build_guard::_OutputArray const &)const " (?copyTo@Mat@cv@@QEBAXAEBV_OutputArray@debug_build_guard@2@@Z) 在函式 "public: void __cdecl GCApplication::showImage(void)const " (?showImage@GCApplication@@QEBAXXZ) 中被參考
GCApplication.obj : error LNK2019: 無法解析的外部符號 "public: void __cdecl cv::Mat::copyTo(class cv::debug_build_guard::_OutputArray const &,class cv::debug_build_guard::_InputArray const &)const " (?copyTo@Mat@cv@@QEBAXAEBV_OutputArray@debug_build_guard@2@AEBV_InputArray@42@@Z) 在函式 "public: void __cdecl GCApplication::showImage(void)const " (?showImage@GCApplication@@QEBAXXZ) 中被參考
GCApplication.obj : error LNK2019: 無法解析的外部符號 "public: class cv::Mat & __cdecl cv::Mat::setTo(class cv::debug_build_guard::_InputArray const &,class cv::debug_build_guard::_InputArray const &)" (?setTo@Mat@cv@@QEAAAEAV12@AEBV_InputArray@debug_build_guard@2@0@Z) 在函式 "public: void __cdecl GCApplication::reset(void)" (?reset@GCApplication@@QEAAXXZ) 中被參考
GMM.obj : error LNK2001: 無法解析的外部符號 "public: class cv::Mat & __cdecl cv::Mat::setTo(class cv::debug_build_guard::_InputArray const &,class cv::debug_build_guard::_InputArray const &)" (?setTo@Mat@cv@@QEAAAEAV12@AEBV_InputArray@debug_build_guard@2@0@Z)
GrabCut.obj : error LNK2001: 無法解析的外部符號 "public: class cv::Mat & __cdecl cv::Mat::setTo(class cv::debug_build_guard::_InputArray const &,class cv::debug_build_guard::_InputArray const &)" (?setTo@Mat@cv@@QEAAAEAV12@AEBV_InputArray@debug_build_guard@2@0@Z)
GCApplication.obj : error LNK2019: 無法解析的外部符號 "bool __cdecl cv::imwrite(class cv::String const &,class cv::debug_build_guard::_InputArray const &,class std::vector<int,class std::allocator<int> > const &)" (?imwrite@cv@@YA_NAEBVString@1@AEBV_InputArray@debug_build_guard@1@AEBV?$vector@HV?$allocator@H@std@@@std@@@Z) 在函式 "public: void __cdecl GCApplication::saveImage(class std::basic_string<char,struct std::char_traits<char>,class std::allocator<char> >)" (?saveImage@GCApplication@@QEAAXV?$basic_string@DU?$char_traits@D@std@@V?$allocator@D@2@@std@@@Z) 中被參考
GCApplication.obj : error LNK2019: 無法解析的外部符號 "void __cdecl cv::imshow(class cv::String const &,class cv::debug_build_guard::_InputArray const &)" (?imshow@cv@@YAXAEBVString@1@AEBV_InputArray@debug_build_guard@1@@Z) 在函式 "public: void __cdecl GCApplication::showBgd(void)const " (?showBgd@GCApplication@@QEBAXXZ) 中被參考
GCApplication.obj : error LNK2019: 無法解析的外部符號 "void __cdecl cv::rectangle(class cv::debug_build_guard::_InputOutputArray const &,class cv::Point_<int>,class cv::Point_<int>,class cv::Scalar_<double> const &,int,int,int)" (?rectangle@cv@@YAXAEBV_InputOutputArray@debug_build_guard@1@V?$Point_@H@1@1AEBV?$Scalar_@N@1@HHH@Z) 在函式 "public: void __cdecl GCApplication::showFgd(void)const " (?showFgd@GCApplication@@QEBAXXZ) 中被參考
GCApplication.obj : error LNK2019: 無法解析的外部符號 "void __cdecl cv::circle(class cv::debug_build_guard::_InputOutputArray const &,class cv::Point_<int>,int,class cv::Scalar_<double> const &,int,int,int)" (?circle@cv@@YAXAEBV_InputOutputArray@debug_build_guard@1@V?$Point_@H@1@HAEBV?$Scalar_@N@1@HHH@Z) 在函式 "private: void __cdecl GCApplication::setLblsInMask(int,class cv::Point_<int>,bool)" (?setLblsInMask@GCApplication@@AEAAXHV?$Point_@H@cv@@_N@Z) 中被參考
GrabCut.obj : error LNK2019: 無法解析的外部符號 "public: class cv::Mat __cdecl cv::debug_build_guard::_InputArray::getMat_(int)const " (?getMat_@_InputArray@debug_build_guard@cv@@QEBA?AVMat@3@H@Z) 在函式 "public: class cv::Mat __cdecl cv::debug_build_guard::_InputArray::getMat(int)const " (?getMat@_InputArray@debug_build_guard@cv@@QEBA?AVMat@3@H@Z) 中被參考
GrabCut.obj : error LNK2019: 無法解析的外部符號 "public: int __cdecl cv::debug_build_guard::_InputArray::kind(void)const " (?kind@_InputArray@debug_build_guard@cv@@QEBAHXZ) 在函式 "public: class cv::Mat __cdecl cv::debug_build_guard::_InputArray::getMat(int)const " (?getMat@_InputArray@debug_build_guard@cv@@QEBA?AVMat@3@H@Z) 中被參考
GrabCut.obj : error LNK2019: 無法解析的外部符號 "public: class cv::Mat & __cdecl cv::debug_build_guard::_OutputArray::getMatRef(int)const " (?getMatRef@_OutputArray@debug_build_guard@cv@@QEBAAEAVMat@3@H@Z) 在函式 "public: void __cdecl GrabCut2D::GrabCut(class cv::debug_build_guard::_InputArray const &,class cv::debug_build_guard::_InputOutputArray const &,class cv::Rect_<int>,class cv::debug_build_guard::_InputOutputArray const &,class cv::debug_build_guard::_InputOutputArray const &,int,int)" (?GrabCut@GrabCut2D@@QEAAXAEBV_InputArray@debug_build_guard@cv@@AEBV_InputOutputArray@34@V?$Rect_@H@4@11HH@Z) 中被參考
GrabCut.obj : error LNK2019: 無法解析的外部符號 "double __cdecl cv::kmeans(class cv::debug_build_guard::_InputArray const &,int,class cv::debug_build_guard::_InputOutputArray const &,class cv::TermCriteria,int,int,class cv::debug_build_guard::_OutputArray const &)" (?kmeans@cv@@YANAEBV_InputArray@debug_build_guard@1@HAEBV_InputOutputArray@31@VTermCriteria@1@HHAEBV_OutputArray@31@@Z) 在函式 "public: void __cdecl GrabCut2D::samplePoints(class cv::Mat,class cv::Mat,class std::vector<class cv::Vec<float,3>,class std::allocator<class cv::Vec<float,3> > > &,class std::vector<class cv::Vec<float,3>,class std::allocator<class cv::Vec<float,3> > > &,class cv::Mat &,class cv::Mat &)" (?samplePoints@GrabCut2D@@QEAAXVMat@cv@@0AEAV?$vector@V?$Vec@M$02@cv@@V?$allocator@V?$Vec@M$02@cv@@@std@@@std@@1AEAV23@2@Z) 中被參考
D:\Github\Computer-Photography_Grab_Cut\GrabCut\x64\Debug\GrabCut.exe : fatal error LNK1120: 12 個無法解析的外部符號
